[wfgtitle.com/contact-us/index.html]
[cdn.cookielaw.org/scripttemplates/otSDKStub.js]
[backblue.gif]
[fade.gif]
[index.html]
[wfgtitle.com/wp-includes/js/jquery/jquery.minaf6c.js]
[wfgtitle.com/wp-content/cache/autoptimize/css/autoptimize_2a9c4606167421074dd44d8453a788b4.css]
[wfgtitle.com/wp-content/uploads/2020/09/cropped-FAvicon_512-1-32x32.png]
[wfgtitle.com/wp-content/uploads/2020/09/cropped-FAvicon_512-1-192x192.png]
[wfgtitle.com/wp-content/uploads/2020/09/cropped-FAvicon_512-1-180x180.png]
[connect.facebook.net/en_US/fbevents.js]
[wfgtitle.com/wp-content/uploads/2020/10/Head-contact-art-2.png]
[wfgtitle.com/wp-content/plugins/autoptimize/classes/external/js/lazysizes.min7edb.js]
[wfgtitle.com/wp-includes/js/dist/vendor/regenerator-runtime.minb36a.js]
[wfgtitle.com/wp-includes/js/dist/vendor/wp-polyfill.min2c7c.js]
[wfgtitle.com/wp-includes/js/dist/dom-ready.min7354.js]
[wfgtitle.com/wp-includes/js/dist/hooks.mine16b.js]
[wfgtitle.com/wp-includes/js/dist/i18n.min71a7.js]
[wfgtitle.com/wp-includes/js/dist/a11y.minac6e.js]
[www.google.com/recaptcha/api3430.js]
[wfgtitle.com/contact-us/index.html]
[wfgtitle.com/wp-content/cache/autoptimize/css/autoptimize_2a9c4606167421074dd44d8453a788b4.css]
[wfgtitle.com/wp-content/cache/autoptimize/js/autoptimize_2c193db2284beadc7327e289e2b11efe.js]
[connect.facebook.net/en_US/fbevents.js]
[www.googletagmanager.com/gtm5445.html]
[wfgtitle.com/contact-us/POST.html]
